SF:C:\Users\Shane\source\repos\GraphQL.DI\src\GraphQL.DI\ConcurrentAttribute.cs
FN:24,System.Boolean GraphQL.DI.ConcurrentAttribute::get_Concurrent()
FNDA:13,System.Boolean GraphQL.DI.ConcurrentAttribute::get_Concurrent()
DA:25,13
FN:30,System.Boolean GraphQL.DI.ConcurrentAttribute::get_CreateNewScope()
FNDA:19,System.Boolean GraphQL.DI.ConcurrentAttribute::get_CreateNewScope()
DA:31,19
FN:14,System.Void GraphQL.DI.ConcurrentAttribute::.ctor()
FNDA:6,System.Void GraphQL.DI.ConcurrentAttribute::.ctor()
DA:15,6
FN:19,System.Void GraphQL.DI.ConcurrentAttribute::.ctor(System.Boolean)
FNDA:20,System.Void GraphQL.DI.ConcurrentAttribute::.ctor(System.Boolean)
DA:20,20
LF:4
LH:4
BRF:0
BRH:0
FNF:4
FNH:4
end_of_record
SF:C:\Users\Shane\source\repos\GraphQL.DI\src\GraphQL.DI\DIDocumentExecuter.cs
FN:67,GraphQL.Execution.IExecutionStrategy GraphQL.DI.DIDocumentExecuter::SelectExecutionStrategy(GraphQL.Execution.ExecutionContext)
FNDA:0,GraphQL.Execution.IExecutionStrategy GraphQL.DI.DIDocumentExecuter::SelectExecutionStrategy(GraphQL.Execution.ExecutionContext)
DA:68,0
DA:69,0
DA:72,0
DA:75,0
DA:78,0
DA:81,0
DA:83,0
BRDA:69,16,1,0
BRDA:69,16,2,0
BRDA:69,16,3,0
BRDA:78,60,0,0
BRDA:78,60,1,0
BRDA:69,16,0,0
FN:21,System.Void GraphQL.DI.DIDocumentExecuter::.ctor()
FNDA:0,System.Void GraphQL.DI.DIDocumentExecuter::.ctor()
DA:22,0
DA:26,0
DA:31,0
DA:32,0
DA:33,0
FN:37,System.Void GraphQL.DI.DIDocumentExecuter::.ctor(GraphQL.Execution.IExecutionStrategy)
FNDA:0,System.Void GraphQL.DI.DIDocumentExecuter::.ctor(GraphQL.Execution.IExecutionStrategy)
DA:38,0
DA:39,0
DA:40,0
DA:41,0
FN:48,System.Void GraphQL.DI.DIDocumentExecuter::.ctor(System.IServiceProvider)
FNDA:0,System.Void GraphQL.DI.DIDocumentExecuter::.ctor(System.IServiceProvider)
DA:49,0
DA:50,0
DA:51,0
DA:52,0
DA:53,0
DA:54,0
BRDA:49,21,0,0
BRDA:49,21,1,0
BRDA:49,41,0,0
BRDA:49,41,1,0
BRDA:49,56,0,0
BRDA:49,56,1,0
BRDA:49,71,0,0
BRDA:49,71,1,0
FN:60,System.Void GraphQL.DI.DIDocumentExecuter::.ctor(System.IServiceProvider,GraphQL.Execution.IExecutionStrategy)
FNDA:0,System.Void GraphQL.DI.DIDocumentExecuter::.ctor(System.IServiceProvider,GraphQL.Execution.IExecutionStrategy)
DA:61,0
DA:62,0
DA:63,0
DA:64,0
LF:26
LH:0
BRF:14
BRH:0
FNF:5
FNH:0
end_of_record
SF:C:\Users\Shane\source\repos\GraphQL.DI\src\GraphQL.DI\DIExecutionStrategy.cs
FN:34,System.Void GraphQL.DI.DIExecutionStrategy::<ExecuteNodeTreeAsync>g__DICompleteNode|1_1(GraphQL.Execution.ExecutionNode,GraphQL.DI.DIExecutionStrategy/<>c__DisplayClass1_0&)
FNDA:0,System.Void GraphQL.DI.DIExecutionStrategy::<ExecuteNodeTreeAsync>g__DICompleteNode|1_1(GraphQL.Execution.ExecutionNode,GraphQL.DI.DIExecutionStrategy/<>c__DisplayClass1_0&)
DA:35,0
DA:39,0
DA:40,0
DA:41,0
DA:43,0
DA:45,0
DA:47,0
DA:48,0
DA:49,0
DA:50,0
DA:51,0
DA:52,0
DA:53,0
DA:54,0
DA:55,0
BRDA:39,17,0,0
BRDA:39,17,1,0
BRDA:43,53,0,0
BRDA:45,160,1,0
BRDA:47,101,0,0
BRDA:47,101,1,0
BRDA:47,117,0,0
BRDA:47,117,1,0
BRDA:45,160,0,0
BRDA:43,53,1,0
FN:16,System.Void GraphQL.DI.DIExecutionStrategy::.cctor()
FNDA:0,System.Void GraphQL.DI.DIExecutionStrategy::.cctor()
DA:17,0
FN:21,System.Void GraphQL.DI.DIExecutionStrategy/<>c/<<ExecuteNodeTreeAsync>b__1_0>d::MoveNext()
FNDA:0,System.Void GraphQL.DI.DIExecutionStrategy/<>c/<<ExecuteNodeTreeAsync>b__1_0>d::MoveNext()
DA:22,0
FN:20,System.Void GraphQL.DI.DIExecutionStrategy/<ExecuteNodeTreeAsync>d__1::MoveNext()
FNDA:0,System.Void GraphQL.DI.DIExecutionStrategy/<ExecuteNodeTreeAsync>d__1::MoveNext()
DA:21,0
DA:24,0
DA:25,0
DA:26,0
DA:27,0
DA:28,0
DA:29,0
DA:30,0
DA:31,0
DA:32,0
DA:58,0
DA:60,0
DA:62,0
DA:64,0
DA:65,0
DA:66,0
DA:67,0
DA:68,0
DA:69,0
DA:71,0
DA:72,0
DA:73,0
DA:76,0
DA:78,0
DA:80,0
DA:81,0
DA:82,0
DA:83,0
DA:84,0
DA:85,0
DA:87,0
DA:89,0
DA:90,0
DA:91,0
DA:94,0
DA:95,0
DA:96,0
DA:97,0
DA:98,0
DA:100,0
DA:102,0
DA:103,0
DA:104,0
DA:107,0
DA:110,0
DA:111,0
DA:115,0
DA:117,0
DA:118,0
DA:125,0
DA:126,0
DA:127,0
DA:128,0
DA:129,0
DA:130,0
DA:131,0
DA:132,0
DA:133,0
BRDA:30,216,0,0
BRDA:30,216,1,0
BRDA:31,248,0,0
BRDA:31,248,1,0
BRDA:60,578,1,0
BRDA:65,338,0,0
BRDA:65,338,1,0
BRDA:60,550,0,0
BRDA:60,550,1,0
BRDA:76,915,1,0
BRDA:81,655,0,0
BRDA:81,655,1,0
BRDA:60,578,0,0
BRDA:76,879,0,0
BRDA:76,887,0,0
BRDA:76,879,1,0
BRDA:76,887,1,0
BRDA:76,915,0,0
BRDA:94,938,0,0
BRDA:94,938,1,0
BRDA:98,1123,0,0
BRDA:103,1304,0,0
BRDA:103,1304,1,0
BRDA:98,1123,1,0
BRDA:115,1488,0,0
BRDA:115,1506,0,0
BRDA:115,1488,1,0
BRDA:115,1506,1,0
BRDA:115,1529,0,0
BRDA:117,1558,0,0
BRDA:125,1788,1,0
BRDA:117,1558,1,0
BRDA:125,1788,0,0
BRDA:115,1529,1,0
LF:75
LH:0
BRF:44
BRH:0
FNF:4
FNH:0
end_of_record
SF:C:\Users\Shane\source\repos\GraphQL.DI\src\GraphQL.DI\DIFieldType.cs
FN:10,System.Boolean GraphQL.DI.DIFieldType::get_Concurrent()
FNDA:300,System.Boolean GraphQL.DI.DIFieldType::get_Concurrent()
DA:11,300
LF:1
LH:1
BRF:0
BRH:0
FNF:1
FNH:1
end_of_record
SF:C:\Users\Shane\source\repos\GraphQL.DI\src\GraphQL.DI\DIObjectGraphType.cs
FN:75,System.Boolean GraphQL.DI.DIObjectGraphType`2::get_DefaultConcurrent()
FNDA:178,System.Boolean GraphQL.DI.DIObjectGraphType`2::get_DefaultConcurrent()
DA:76,178
FN:80,System.Boolean GraphQL.DI.DIObjectGraphType`2::get_DefaultCreateScope()
FNDA:178,System.Boolean GraphQL.DI.DIObjectGraphType`2::get_DefaultCreateScope()
DA:81,178
FN:87,System.Collections.Generic.List`1<GraphQL.DI.DIFieldType> GraphQL.DI.DIObjectGraphType`2::CreateFieldTypeList()
FNDA:54,System.Collections.Generic.List`1<GraphQL.DI.DIFieldType> GraphQL.DI.DIObjectGraphType`2::CreateFieldTypeList()
DA:88,54
DA:90,54
DA:91,54
DA:92,547
DA:93,129
DA:94,127
DA:95,127
DA:96,127
DA:97,52
DA:98,52
BRDA:92,74,1,129
BRDA:94,56,0,127
BRDA:94,56,1,127
BRDA:92,74,0,52
FN:104,System.Collections.Generic.IEnumerable`1<System.Reflection.MethodInfo> GraphQL.DI.DIObjectGraphType`2::GetMethodsToProcess()
FNDA:53,System.Collections.Generic.IEnumerable`1<System.Reflection.MethodInfo> GraphQL.DI.DIObjectGraphType`2::GetMethodsToProcess()
DA:105,53
DA:106,311
DA:107,53
BRDA:106,24,0,44
BRDA:106,24,1,53
FN:112,GraphQL.DI.DIFieldType GraphQL.DI.DIObjectGraphType`2::ProcessMethod(System.Reflection.MethodInfo)
FNDA:129,GraphQL.DI.DIFieldType GraphQL.DI.DIObjectGraphType`2::ProcessMethod(System.Reflection.MethodInfo)
DA:113,129
DA:115,129
DA:116,129
DA:117,130
DA:118,1
DA:119,129
DA:120,0
DA:121,0
DA:122,0
DA:123,128
DA:124,129
DA:125,0
DA:128,129
DA:129,0
DA:133,129
DA:134,129
DA:135,129
DA:136,129
DA:137,129
DA:138,129
DA:139,451
DA:140,22
DA:141,20
DA:142,20
DA:143,8
DA:145,20
DA:146,20
DA:148,127
DA:151,162
DA:154,35
DA:155,127
DA:157,92
DA:159,92
DA:160,92
DA:164,132
DA:166,5
DA:168,5
DA:169,127
DA:170,122
DA:171,122
DA:172,122
DA:173,127
DA:174,5
DA:175,5
DA:176,5
DA:178,126
DA:180,4
DA:182,8
DA:186,4
DA:187,0
DA:189,0
DA:190,0
DA:191,4
DA:193,118
DA:194,118
DA:196,118
DA:197,118
DA:198,122
DA:199,127
DA:202,127
DA:204,127
DA:205,127
DA:207,253
DA:209,126
DA:210,174
DA:211,48
DA:212,126
DA:213,78
DA:214,78
DA:215,126
DA:217,127
DA:219,127
DA:221,127
DA:222,127
DA:223,127
DA:224,127
DA:225,127
DA:226,127
DA:227,127
DA:228,127
DA:229,127
DA:231,0
DA:232,0
DA:234,127
DA:237,127
BRDA:117,23,0,1
BRDA:117,23,1,128
BRDA:120,48,0,0
BRDA:120,61,0,0
BRDA:120,48,1,128
BRDA:120,61,1,128
BRDA:120,96,0,0
BRDA:120,96,1,128
BRDA:124,134,0,0
BRDA:124,134,1,129
BRDA:128,165,0,129
BRDA:128,165,1,0
BRDA:128,195,0,0
BRDA:128,195,1,129
BRDA:139,331,1,22
BRDA:142,297,0,8
BRDA:142,297,1,20
BRDA:139,331,0,127
BRDA:151,366,0,35
BRDA:151,366,1,92
BRDA:164,418,0,48
BRDA:164,426,0,11
BRDA:164,418,1,116
BRDA:164,426,1,116
BRDA:164,440,0,5
BRDA:164,440,1,122
BRDA:173,494,0,5
BRDA:173,494,1,122
BRDA:178,525,0,4
BRDA:182,537,0,4
BRDA:182,537,1,0
BRDA:178,525,1,118
BRDA:205,599,0,126
BRDA:205,599,1,1
BRDA:207,625,0,126
BRDA:210,648,0,96
BRDA:210,648,1,30
BRDA:210,683,0,48
BRDA:210,683,1,78
BRDA:207,625,1,127
BRDA:217,738,0,126
BRDA:217,738,1,1
BRDA:219,758,0,126
BRDA:219,758,1,1
BRDA:231,902,1,0
BRDA:231,902,0,127
FN:242,System.Boolean GraphQL.DI.DIObjectGraphType`2::GetNullability(System.Reflection.MethodInfo)
FNDA:170,System.Boolean GraphQL.DI.DIObjectGraphType`2::GetNullability(System.Reflection.MethodInfo)
DA:243,170
DA:244,170
DA:245,14
DA:246,156
DA:247,15
DA:248,141
DA:249,10
DA:251,131
DA:254,131
DA:255,131
DA:256,151
DA:257,151
DA:258,151
DA:259,149
DA:260,18
DA:261,18
DA:264,131
DA:265,154
DA:266,154
DA:267,154
DA:268,144
DA:269,13
DA:270,13
DA:273,131
DA:274,138
DA:275,138
DA:276,138
DA:277,138
DA:278,134
DA:279,3
DA:280,3
DA:282,131
DA:283,131
DA:284,131
DA:285,131
DA:306,170
BRDA:244,12,0,14
BRDA:244,12,1,156
BRDA:246,35,0,15
BRDA:246,35,1,141
BRDA:248,60,0,10
BRDA:249,73,0,5
BRDA:249,73,1,5
BRDA:248,60,1,131
BRDA:255,138,0,29
BRDA:255,138,1,131
BRDA:259,177,0,18
BRDA:259,177,1,131
BRDA:264,226,0,29
BRDA:264,226,1,131
BRDA:268,265,0,13
BRDA:268,265,1,131
BRDA:273,319,0,29
BRDA:273,319,1,131
BRDA:278,351,0,7
BRDA:278,351,1,124
BRDA:278,396,0,3
BRDA:278,396,1,131
BRDA:282,436,0,124
BRDA:282,436,1,7
BRDA:256,21,0,18
BRDA:256,35,0,18
BRDA:256,21,1,2
BRDA:256,35,1,2
BRDA:265,21,0,13
BRDA:265,35,0,13
BRDA:265,21,1,10
BRDA:265,35,1,10
BRDA:274,21,0,7
BRDA:274,35,0,7
BRDA:274,72,0,4
BRDA:274,72,1,3
BRDA:274,21,1,0
BRDA:274,35,1,0
FN:318,System.Boolean GraphQL.DI.DIObjectGraphType`2::GetNullability(System.Reflection.MethodInfo,System.Reflection.ParameterInfo)
FNDA:23,System.Boolean GraphQL.DI.DIObjectGraphType`2::GetNullability(System.Reflection.MethodInfo,System.Reflection.ParameterInfo)
DA:319,23
DA:320,23
DA:321,3
DA:322,20
DA:323,2
DA:324,18
DA:325,0
DA:326,18
DA:327,6
DA:329,12
DA:332,12
DA:333,12
DA:334,18
DA:335,18
DA:336,18
DA:337,18
DA:338,6
DA:339,6
DA:342,12
DA:343,16
DA:344,16
DA:345,16
DA:346,16
DA:347,4
DA:348,4
DA:351,12
DA:352,16
DA:353,16
DA:354,16
DA:355,16
DA:356,14
DA:357,2
DA:358,2
DA:360,12
DA:361,12
DA:362,12
DA:363,12
DA:378,23
BRDA:320,12,0,3
BRDA:320,12,1,20
BRDA:322,35,0,2
BRDA:322,35,1,18
BRDA:324,58,0,0
BRDA:324,58,1,18
BRDA:326,83,0,6
BRDA:327,96,0,3
BRDA:327,96,1,3
BRDA:326,83,1,12
BRDA:333,161,0,3
BRDA:333,161,1,12
BRDA:337,200,0,6
BRDA:337,200,1,12
BRDA:342,249,0,3
BRDA:342,249,1,12
BRDA:346,288,0,4
BRDA:346,288,1,12
BRDA:351,337,0,3
BRDA:351,337,1,12
BRDA:356,369,0,2
BRDA:356,369,1,10
BRDA:356,414,0,2
BRDA:356,414,1,12
BRDA:360,454,0,10
BRDA:360,454,1,2
BRDA:334,21,0,6
BRDA:334,35,0,6
BRDA:334,21,1,0
BRDA:334,35,1,0
BRDA:343,21,0,4
BRDA:343,35,0,4
BRDA:343,21,1,0
BRDA:343,35,1,0
BRDA:352,21,0,2
BRDA:352,35,0,2
BRDA:352,72,0,0
BRDA:352,72,1,2
BRDA:352,21,1,2
BRDA:352,35,1,2
FN:383,System.Type GraphQL.DI.DIObjectGraphType`2::InferInputGraphType(System.Type,System.Boolean)
FNDA:7,System.Type GraphQL.DI.DIObjectGraphType`2::InferInputGraphType(System.Type,System.Boolean)
DA:384,7
DA:385,7
DA:386,7
FN:391,System.Type GraphQL.DI.DIObjectGraphType`2::InferOutputGraphType(System.Type,System.Boolean)
FNDA:126,System.Type GraphQL.DI.DIObjectGraphType`2::InferOutputGraphType(System.Type,System.Boolean)
DA:392,126
DA:393,126
DA:394,126
FN:401,System.Linq.Expressions.Expression GraphQL.DI.DIObjectGraphType`2::GetInstanceExpression(System.Linq.Expressions.ParameterExpression)
FNDA:92,System.Linq.Expressions.Expression GraphQL.DI.DIObjectGraphType`2::GetInstanceExpression(System.Linq.Expressions.ParameterExpression)
DA:402,92
DA:403,92
DA:404,92
FN:411,System.Linq.Expressions.Expression GraphQL.DI.DIObjectGraphType`2::GetServiceProviderExpression(System.Linq.Expressions.ParameterExpression)
FNDA:101,System.Linq.Expressions.Expression GraphQL.DI.DIObjectGraphType`2::GetServiceProviderExpression(System.Linq.Expressions.ParameterExpression)
DA:412,101
DA:414,101
DA:415,101
FN:422,System.Linq.Expressions.Expression GraphQL.DI.DIObjectGraphType`2::GetServiceExpression(System.Linq.Expressions.ParameterExpression,System.Type)
FNDA:96,System.Linq.Expressions.Expression GraphQL.DI.DIObjectGraphType`2::GetServiceExpression(System.Linq.Expressions.ParameterExpression,System.Type)
DA:423,96
DA:425,96
DA:426,96
DA:427,96
DA:428,96
DA:429,96
DA:430,96
BRDA:426,11,0,0
BRDA:426,11,1,96
FN:436,GraphQL.Resolvers.IFieldResolver GraphQL.DI.DIObjectGraphType`2::CreateUnscopedResolver(System.Linq.Expressions.Expression,System.Linq.Expressions.ParameterExpression)
FNDA:123,GraphQL.Resolvers.IFieldResolver GraphQL.DI.DIObjectGraphType`2::CreateUnscopedResolver(System.Linq.Expressions.Expression,System.Linq.Expressions.ParameterExpression)
DA:437,123
DA:438,228
DA:439,123
DA:440,123
DA:441,123
BRDA:438,19,0,33
BRDA:438,19,1,123
FN:448,GraphQL.Resolvers.IFieldResolver GraphQL.DI.DIObjectGraphType`2::CreateScopedResolver(System.Linq.Expressions.Expression,System.Linq.Expressions.ParameterExpression)
FNDA:4,GraphQL.Resolvers.IFieldResolver GraphQL.DI.DIObjectGraphType`2::CreateScopedResolver(System.Linq.Expressions.Expression,System.Linq.Expressions.ParameterExpression)
DA:449,4
DA:451,8
DA:452,8
DA:453,0
DA:454,0
DA:455,0
DA:456,4
DA:457,4
DA:458,4
BRDA:451,24,0,4
BRDA:452,50,0,4
BRDA:452,50,1,4
BRDA:451,24,1,0
BRDA:454,103,0,0
BRDA:454,103,1,0
FN:460,System.Type GraphQL.DI.DIObjectGraphType`2::GetTaskType(System.Type)
FNDA:4,System.Type GraphQL.DI.DIObjectGraphType`2::GetTaskType(System.Type)
DA:461,4
DA:462,8
DA:463,4
DA:464,4
DA:465,0
DA:466,0
DA:467,0
DA:468,4
BRDA:462,69,1,4
BRDA:463,10,0,4
BRDA:463,10,1,0
BRDA:463,38,0,4
BRDA:463,38,1,0
BRDA:462,69,0,0
FN:476,GraphQL.Types.QueryArgument GraphQL.DI.DIObjectGraphType`2::ProcessParameter(System.Reflection.MethodInfo,System.Reflection.ParameterInfo,System.Linq.Expressions.ParameterExpression,System.Boolean&,System.Linq.Expressions.Expression&)
FNDA:22,GraphQL.Types.QueryArgument GraphQL.DI.DIObjectGraphType`2::ProcessParameter(System.Reflection.MethodInfo,System.Reflection.ParameterInfo,System.Linq.Expressions.ParameterExpression,System.Boolean&,System.Linq.Expressions.Expression&)
DA:477,22
DA:478,22
DA:480,23
DA:483,1
DA:485,1
DA:487,0
DA:489,0
DA:491,0
DA:493,23
DA:495,2
DA:496,2
DA:497,1
DA:499,1
DA:501,1
DA:503,1
DA:505,21
DA:507,2
DA:508,1
DA:511,1
DA:513,1
DA:515,22
DA:518,5
DA:520,5
DA:522,5
DA:524,16
DA:527,4
DA:529,4
DA:531,4
DA:534,8
DA:535,0
DA:538,0
DA:540,0
DA:546,8
DA:547,8
DA:549,15
DA:551,7
DA:552,7
DA:553,7
DA:556,8
DA:557,8
DA:558,8
DA:559,8
DA:561,0
DA:562,0
DA:565,8
DA:566,0
DA:567,0
DA:568,0
DA:569,3
DA:570,3
DA:573,8
DA:575,8
DA:578,8
DA:579,20
BRDA:480,30,0,1
BRDA:480,30,1,21
BRDA:487,70,0,0
BRDA:487,70,1,21
BRDA:493,106,0,3
BRDA:493,106,1,18
BRDA:493,141,0,2
BRDA:496,183,0,1
BRDA:496,183,1,1
BRDA:493,141,1,19
BRDA:505,262,0,2
BRDA:507,293,0,1
BRDA:507,293,1,1
BRDA:505,262,1,17
BRDA:515,375,0,5
BRDA:515,375,1,12
BRDA:524,413,0,4
BRDA:524,413,1,8
BRDA:535,452,0,1
BRDA:535,452,1,7
BRDA:535,470,0,0
BRDA:538,486,0,0
BRDA:538,486,1,0
BRDA:535,470,1,8
BRDA:547,530,0,7
BRDA:547,530,1,1
BRDA:549,553,0,7
BRDA:549,553,1,8
BRDA:556,590,0,7
BRDA:556,590,1,1
BRDA:556,602,0,7
BRDA:556,602,1,8
BRDA:556,625,0,7
BRDA:556,625,1,1
BRDA:561,701,1,0
BRDA:561,701,0,8
BRDA:566,731,0,0
BRDA:566,731,1,8
BRDA:568,760,0,3
BRDA:568,760,1,8
FN:287,GraphQL.DI.DIObjectGraphType`2/Nullability<TDIGraph,TSource> GraphQL.DI.DIObjectGraphType`2::<GetNullability>g__Consider|18_3(System.Type,GraphQL.DI.DIObjectGraphType`2/<>c__DisplayClass18_0<TDIGraph,TSource>&)
FNDA:256,GraphQL.DI.DIObjectGraphType`2/Nullability<TDIGraph,TSource> GraphQL.DI.DIObjectGraphType`2::<GetNullability>g__Consider|18_3(System.Type,GraphQL.DI.DIObjectGraphType`2/<>c__DisplayClass18_0<TDIGraph,TSource>&)
DA:288,256
DA:289,256
DA:290,256
DA:291,18
DA:292,238
DA:293,18
DA:294,220
DA:295,14
DA:296,331
DA:297,125
DA:298,125
DA:300,81
DA:301,9
DA:302,72
DA:303,0
DA:304,72
DA:305,256
BRDA:289,7,0,111
BRDA:289,7,1,145
BRDA:290,37,0,18
BRDA:290,37,1,238
BRDA:292,54,0,18
BRDA:292,54,1,220
BRDA:294,69,0,0
BRDA:294,69,1,220
BRDA:294,85,0,220
BRDA:294,93,0,220
BRDA:294,93,1,0
BRDA:294,85,1,0
BRDA:294,114,0,14
BRDA:294,114,1,206
BRDA:296,139,0,131
BRDA:296,139,1,75
BRDA:296,164,0,125
BRDA:296,164,1,81
BRDA:300,222,0,9
BRDA:300,222,1,72
BRDA:302,241,0,0
BRDA:302,241,1,72
FN:365,GraphQL.DI.DIObjectGraphType`2/Nullability<TDIGraph,TSource> GraphQL.DI.DIObjectGraphType`2::<GetNullability>g__Consider|20_3(System.Type,GraphQL.DI.DIObjectGraphType`2/<>c__DisplayClass20_0<TDIGraph,TSource>&)
FNDA:12,GraphQL.DI.DIObjectGraphType`2/Nullability<TDIGraph,TSource> GraphQL.DI.DIObjectGraphType`2::<GetNullability>g__Consider|20_3(System.Type,GraphQL.DI.DIObjectGraphType`2/<>c__DisplayClass20_0<TDIGraph,TSource>&)
DA:366,12
DA:367,12
DA:368,12
DA:369,0
DA:370,12
DA:371,0
DA:372,12
DA:373,4
DA:374,8
DA:375,0
DA:376,8
DA:377,12
BRDA:367,7,0,12
BRDA:367,7,1,0
BRDA:368,37,0,0
BRDA:368,37,1,12
BRDA:370,51,0,0
BRDA:370,51,1,12
BRDA:372,63,0,0
BRDA:372,63,1,12
BRDA:372,79,0,12
BRDA:372,87,0,12
BRDA:372,87,1,0
BRDA:372,79,1,0
BRDA:372,108,0,4
BRDA:372,108,1,8
BRDA:374,127,0,0
BRDA:374,127,1,8
FN:33,System.Void GraphQL.DI.DIObjectGraphType`2::.ctor()
FNDA:54,System.Void GraphQL.DI.DIObjectGraphType`2::.ctor()
DA:34,54
DA:35,54
DA:36,54
DA:38,54
DA:39,54
DA:40,1
DA:42,54
DA:43,54
DA:44,1
DA:45,54
DA:46,54
DA:47,1
DA:49,164
DA:50,1
DA:52,54
DA:53,56
DA:54,2
DA:55,2
DA:56,2
DA:59,54
DA:60,52
DA:61,410
DA:62,127
DA:63,52
DA:432,54
DA:443,54
DA:444,54
BRDA:39,81,0,1
BRDA:39,81,1,54
BRDA:43,111,0,1
BRDA:43,111,1,54
BRDA:46,141,0,1
BRDA:46,141,1,54
BRDA:49,214,1,1
BRDA:49,214,0,54
BRDA:53,248,0,2
BRDA:53,248,1,54
BRDA:60,291,0,52
BRDA:61,330,1,127
BRDA:61,330,0,52
BRDA:60,291,1,52
FN:65,System.Void GraphQL.DI.DIObjectGraphType`2::.cctor()
FNDA:147,System.Void GraphQL.DI.DIObjectGraphType`2::.cctor()
DA:66,147
DA:67,210
DA:68,210
DA:69,21
DA:70,21
DA:71,21
BRDA:66,16,0,42
BRDA:66,16,1,84
BRDA:67,16,0,42
BRDA:67,27,0,42
BRDA:67,16,1,147
BRDA:67,27,1,147
BRDA:68,16,0,42
BRDA:68,16,1,147
LF:331
LH:299
BRF:246
BRH:206
FNF:20
FNH:20
end_of_record
SF:C:\Users\Shane\source\repos\GraphQL.DI\src\GraphQL.DI\GraphTypeAttribute.cs
FN:22,System.Type GraphQL.DI.GraphTypeAttribute::get_Type()
FNDA:2,System.Type GraphQL.DI.GraphTypeAttribute::get_Type()
DA:23,2
FN:14,System.Void GraphQL.DI.GraphTypeAttribute::.ctor(System.Type)
FNDA:2,System.Void GraphQL.DI.GraphTypeAttribute::.ctor(System.Type)
DA:15,2
DA:16,2
DA:17,2
DA:18,2
LF:5
LH:5
BRF:0
BRH:0
FNF:2
FNH:2
end_of_record
SF:C:\Users\Shane\source\repos\GraphQL.DI\src\GraphQL.DI\MetadataAttribute.cs
FN:20,System.String GraphQL.DI.MetadataAttribute::get_Key()
FNDA:2,System.String GraphQL.DI.MetadataAttribute::get_Key()
DA:21,2
FN:25,System.Object GraphQL.DI.MetadataAttribute::get_Value()
FNDA:2,System.Object GraphQL.DI.MetadataAttribute::get_Value()
DA:26,2
FN:11,System.Void GraphQL.DI.MetadataAttribute::.ctor(System.String,System.Object)
FNDA:1,System.Void GraphQL.DI.MetadataAttribute::.ctor(System.String,System.Object)
DA:12,1
DA:13,1
DA:14,1
DA:15,1
DA:16,1
LF:7
LH:7
BRF:0
BRH:0
FNF:3
FNH:3
end_of_record
SF:C:\Users\Shane\source\repos\GraphQL.DI\src\GraphQL.DI\NameAttribute.cs
FN:21,System.String GraphQL.DI.NameAttribute::get_Name()
FNDA:4,System.String GraphQL.DI.NameAttribute::get_Name()
DA:22,4
FN:13,System.Void GraphQL.DI.NameAttribute::.ctor(System.String)
FNDA:3,System.Void GraphQL.DI.NameAttribute::.ctor(System.String)
DA:14,3
DA:15,3
DA:16,3
DA:17,3
LF:5
LH:5
BRF:0
BRH:0
FNF:2
FNH:2
end_of_record